# JRE version: Java(TM) SE Runtime Environment (8.0_221-b11) (build 1.8.0_221-b11)
# Java VM: Java HotSpot(TM) 64-Bit Server VM (25.221-b11 mixed mode windows-amd64 compressed oops)
Heap:
 PSYoungGen      total 168448K, used 47878K [0x00000000d5d80000, 0x00000000e3800000, 0x0000000100000000)
  eden space 153088K, 21% used [0x00000000d5d80000,0x00000000d7d45aa8,0x00000000df300000)
  from space 15360K, 99% used [0x00000000e2900000,0x00000000e37fc100,0x00000000e3800000)
  to   space 17408K, 0% used [0x00000000e1600000,0x00000000e1600000,0x00000000e2700000)
 ParOldGen       total 103424K, used 22720K [0x0000000081800000, 0x0000000087d00000, 0x00000000d5d80000)
  object space 103424K, 21% used [0x0000000081800000,0x0000000082e300c0,0x0000000087d00000)
 Metaspace       used 53998K, capacity 56368K, committed 56488K, reserved 1097728K
  class space    used 7144K, capacity 7568K, committed 7600K, reserved 1048576K
GC Heap History (10 events):
Event: 20.160 GC heap before
{Heap before GC invocations=10 (full 2):
 PSYoungGen      total 138240K, used 10749K [0x00000000d5d80000, 0x00000000dfb80000, 0x0000000100000000)
  eden space 127488K, 0% used [0x00000000d5d80000,0x00000000d5d80000,0x00000000dda00000)
  from space 10752K, 99% used [0x00000000de700000,0x00000000df17f640,0x00000000df180000)
  to   space 13312K, 0% used [0x00000000dda00000,0x00000000dda00000,0x00000000de700000)
 ParOldGen       total 60928K, used 13323K [0x0000000081800000, 0x0000000085380000, 0x00000000d5d80000)
  object space 60928K, 21% used [0x0000000081800000,0x0000000082502d60,0x0000000085380000)
 Metaspace       used 34000K, capacity 35368K, committed 35496K, reserved 1079296K
  class space    used 4444K, capacity 4700K, committed 4784K, reserved 1048576K
Event: 20.391 GC heap after
Heap after GC invocations=10 (full 2):
 PSYoungGen      total 138240K, used 0K [0x00000000d5d80000, 0x00000000dfb80000, 0x0000000100000000)
  eden space 127488K, 0% used [0x00000000d5d80000,0x00000000d5d80000,0x00000000dda00000)
  from space 10752K, 0% used [0x00000000de700000,0x00000000de700000,0x00000000df180000)
  to   space 13312K, 0% used [0x00000000dda00000,0x00000000dda00000,0x00000000de700000)
 ParOldGen       total 103424K, used 18731K [0x0000000081800000, 0x0000000087d00000, 0x00000000d5d80000)
  object space 103424K, 18% used [0x0000000081800000,0x0000000082a4afc0,0x0000000087d00000)
 Metaspace       used 34000K, capacity 35368K, committed 35496K, reserved 1079296K
  class space    used 4444K, capacity 4700K, committed 4784K, reserved 1048576K
}
Event: 28.319 GC heap before
{Heap before GC invocations=11 (full 2):
 PSYoungGen      total 138240K, used 127488K [0x00000000d5d80000, 0x00000000dfb80000, 0x0000000100000000)
  eden space 127488K, 100% used [0x00000000d5d80000,0x00000000dda00000,0x00000000dda00000)
  from space 10752K, 0% used [0x00000000de700000,0x00000000de700000,0x00000000df180000)
  to   space 13312K, 0% used [0x00000000dda00000,0x00000000dda00000,0x00000000de700000)
 ParOldGen       total 103424K, used 18731K [0x0000000081800000, 0x0000000087d00000, 0x00000000d5d80000)
  object space 103424K, 18% used [0x0000000081800000,0x0000000082a4afc0,0x0000000087d00000)
 Metaspace       used 37706K, capacity 39440K, committed 39592K, reserved 1083392K
  class space    used 4948K, capacity 5264K, committed 5296K, reserved 1048576K
Event: 28.408 GC heap after
Heap after GC invocations=11 (full 2):
 PSYoungGen      total 140800K, used 8614K [0x00000000d5d80000, 0x00000000e1400000, 0x0000000100000000)
  eden space 127488K, 0% used [0x00000000d5d80000,0x00000000d5d80000,0x00000000dda00000)
  from space 13312K, 64% used [0x00000000dda00000,0x00000000de2698a0,0x00000000de700000)
  to   space 12800K, 0% used [0x00000000e0780000,0x00000000e0780000,0x00000000e1400000)
 ParOldGen       total 103424K, used 18731K [0x0000000081800000, 0x0000000087d00000, 0x00000000d5d80000)
  object space 103424K, 18% used [0x0000000081800000,0x0000000082a4afc0,0x0000000087d00000)
 Metaspace       used 37706K, capacity 39440K, committed 39592K, reserved 1083392K
  class space    used 4948K, capacity 5264K, committed 5296K, reserved 1048576K
}
Event: 39.808 GC heap before
{Heap before GC invocations=12 (full 2):
 PSYoungGen      total 140800K, used 136102K [0x00000000d5d80000, 0x00000000e1400000, 0x0000000100000000)
  eden space 127488K, 100% used [0x00000000d5d80000,0x00000000dda00000,0x00000000dda00000)
  from space 13312K, 64% used [0x00000000dda00000,0x00000000de2698a0,0x00000000de700000)
  to   space 12800K, 0% used [0x00000000e0780000,0x00000000e0780000,0x00000000e1400000)
 ParOldGen       total 103424K, used 18731K [0x0000000081800000, 0x0000000087d00000, 0x00000000d5d80000)
  object space 103424K, 18% used [0x0000000081800000,0x0000000082a4afc0,0x0000000087d00000)
 Metaspace       used 41923K, capacity 43708K, committed 43816K, reserved 1087488K
  class space    used 5573K, capacity 5918K, committed 5936K, reserved 1048576K
Event: 39.864 GC heap after
Heap after GC invocations=12 (full 2):
 PSYoungGen      total 168960K, used 10431K [0x00000000d5d80000, 0x00000000e1200000, 0x0000000100000000)
  eden space 158208K, 0% used [0x00000000d5d80000,0x00000000d5d80000,0x00000000df800000)
  from space 10752K, 97% used [0x00000000e0780000,0x00000000e11affe0,0x00000000e1200000)
  to   space 13312K, 0% used [0x00000000df800000,0x00000000df800000,0x00000000e0500000)
 ParOldGen       total 103424K, used 18731K [0x0000000081800000, 0x0000000087d00000, 0x00000000d5d80000)
  object space 103424K, 18% used [0x0000000081800000,0x0000000082a4afc0,0x0000000087d00000)
 Metaspace       used 41923K, capacity 43708K, committed 43816K, reserved 1087488K
  class space    used 5573K, capacity 5918K, committed 5936K, reserved 1048576K
}
Event: 46.897 GC heap before
{Heap before GC invocations=13 (full 2):
 PSYoungGen      total 168960K, used 168639K [0x00000000d5d80000, 0x00000000e1200000, 0x0000000100000000)
  eden space 158208K, 100% used [0x00000000d5d80000,0x00000000df800000,0x00000000df800000)
  from space 10752K, 97% used [0x00000000e0780000,0x00000000e11affe0,0x00000000e1200000)
  to   space 13312K, 0% used [0x00000000df800000,0x00000000df800000,0x00000000e0500000)
 ParOldGen       total 103424K, used 18731K [0x0000000081800000, 0x0000000087d00000, 0x00000000d5d80000)
  object space 103424K, 18% used [0x0000000081800000,0x0000000082a4afc0,0x0000000087d00000)
 Metaspace       used 46870K, capacity 49014K, committed 49320K, reserved 1091584K
  class space    used 6330K, capacity 6719K, committed 6832K, reserved 1048576K
Event: 46.934 GC heap after
Heap after GC invocations=13 (full 2):
 PSYoungGen      total 171520K, used 13311K [0x00000000d5d80000, 0x00000000e3800000, 0x0000000100000000)
  eden space 158208K, 0% used [0x00000000d5d80000,0x00000000d5d80000,0x00000000df800000)
  from space 13312K, 99% used [0x00000000df800000,0x00000000e04ffca0,0x00000000e0500000)
  to   space 15360K, 0% used [0x00000000e2900000,0x00000000e2900000,0x00000000e3800000)
 ParOldGen       total 103424K, used 21177K [0x0000000081800000, 0x0000000087d00000, 0x00000000d5d80000)
  object space 103424K, 20% used [0x0000000081800000,0x0000000082cae4f0,0x0000000087d00000)
 Metaspace       used 46870K, capacity 49014K, committed 49320K, reserved 1091584K
  class space    used 6330K, capacity 6719K, committed 6832K, reserved 1048576K
}
Event: 6405.881 GC heap before
{Heap before GC invocations=14 (full 2):
 PSYoungGen      total 171520K, used 171519K [0x00000000d5d80000, 0x00000000e3800000, 0x0000000100000000)
  eden space 158208K, 100% used [0x00000000d5d80000,0x00000000df800000,0x00000000df800000)
  from space 13312K, 99% used [0x00000000df800000,0x00000000e04ffca0,0x00000000e0500000)
  to   space 15360K, 0% used [0x00000000e2900000,0x00000000e2900000,0x00000000e3800000)
 ParOldGen       total 103424K, used 21177K [0x0000000081800000, 0x0000000087d00000, 0x00000000d5d80000)
  object space 103424K, 20% used [0x0000000081800000,0x0000000082cae4f0,0x0000000087d00000)
 Metaspace       used 53436K, capacity 55852K, committed 55976K, reserved 1097728K
  class space    used 7142K, capacity 7568K, committed 7600K, reserved 1048576K
Event: 6406.190 GC heap after
Heap after GC invocations=14 (full 2):
 PSYoungGen      total 168448K, used 15344K [0x00000000d5d80000, 0x00000000e3800000, 0x0000000100000000)
  eden space 153088K, 0% used [0x00000000d5d80000,0x00000000d5d80000,0x00000000df300000)
  from space 15360K, 99% used [0x00000000e2900000,0x00000000e37fc100,0x00000000e3800000)
  to   space 17408K, 0% used [0x00000000e1600000,0x00000000e1600000,0x00000000e2700000)
 ParOldGen       total 103424K, used 22720K [0x0000000081800000, 0x0000000087d00000, 0x00000000d5d80000)
  object space 103424K, 21% used [0x0000000081800000,0x0000000082e300c0,0x0000000087d00000)
 Metaspace       used 53436K, capacity 55852K, committed 55976K, reserved 1097728K
  class space    used 7142K, capacity 7568K, committed 7600K, reserved 1048576K
}

