# JRE version: Java(TM) SE Runtime Environment (8.0_221-b11) (build 1.8.0_221-b11)
# Java VM: Java HotSpot(TM) 64-Bit Server VM (25.221-b11 mixed mode windows-amd64 compressed oops)
Heap:
 PSYoungGen      total 71680K, used 71676K [0x00000000d5d80000, 0x00000000dcc00000, 0x0000000100000000)
  eden space 66560K, 100% used [0x00000000d5d80000,0x00000000d9e80000,0x00000000d9e80000)
  from space 5120K, 99% used [0x00000000d9e80000,0x00000000da37f018,0x00000000da380000)
  to   space 8192K, 52% used [0x00000000dc400000,0x00000000dc835030,0x00000000dcc00000)
 ParOldGen       total 59392K, used 6941K [0x0000000081800000, 0x0000000085200000, 0x00000000d5d80000)
  object space 59392K, 11% used [0x0000000081800000,0x0000000081ec7438,0x0000000085200000)
 Metaspace       used 27677K, capacity 28718K, committed 28976K, reserved 1075200K
  class space    used 3632K, capacity 3875K, committed 3888K, reserved 1048576K
GC Heap History (10 events):
Event: 1.722 GC heap before
{Heap before GC invocations=2 (full 0):
 PSYoungGen      total 38400K, used 38386K [0x00000000d5d80000, 0x00000000d8800000, 0x0000000100000000)
  eden space 33280K, 100% used [0x00000000d5d80000,0x00000000d7e00000,0x00000000d7e00000)
  from space 5120K, 99% used [0x00000000d7e00000,0x00000000d82fc990,0x00000000d8300000)
  to   space 5120K, 0% used [0x00000000d8300000,0x00000000d8300000,0x00000000d8800000)
 ParOldGen       total 87552K, used 8K [0x0000000081800000, 0x0000000086d80000, 0x00000000d5d80000)
  object space 87552K, 0% used [0x0000000081800000,0x0000000081802000,0x0000000086d80000)
 Metaspace       used 12742K, capacity 13118K, committed 13312K, reserved 1060864K
  class space    used 1647K, capacity 1753K, committed 1792K, reserved 1048576K
Event: 1.732 GC heap after
Heap after GC invocations=2 (full 0):
 PSYoungGen      total 38400K, used 5114K [0x00000000d5d80000, 0x00000000da880000, 0x0000000100000000)
  eden space 33280K, 0% used [0x00000000d5d80000,0x00000000d5d80000,0x00000000d7e00000)
  from space 5120K, 99% used [0x00000000d8300000,0x00000000d87fe948,0x00000000d8800000)
  to   space 5120K, 0% used [0x00000000d7e00000,0x00000000d7e00000,0x00000000d8300000)
 ParOldGen       total 87552K, used 679K [0x0000000081800000, 0x0000000086d80000, 0x00000000d5d80000)
  object space 87552K, 0% used [0x0000000081800000,0x00000000818a9cc0,0x0000000086d80000)
 Metaspace       used 12742K, capacity 13118K, committed 13312K, reserved 1060864K
  class space    used 1647K, capacity 1753K, committed 1792K, reserved 1048576K
}
Event: 2.797 GC heap before
{Heap before GC invocations=3 (full 0):
 PSYoungGen      total 38400K, used 38394K [0x00000000d5d80000, 0x00000000da880000, 0x0000000100000000)
  eden space 33280K, 100% used [0x00000000d5d80000,0x00000000d7e00000,0x00000000d7e00000)
  from space 5120K, 99% used [0x00000000d8300000,0x00000000d87fe948,0x00000000d8800000)
  to   space 5120K, 0% used [0x00000000d7e00000,0x00000000d7e00000,0x00000000d8300000)
 ParOldGen       total 87552K, used 679K [0x0000000081800000, 0x0000000086d80000, 0x00000000d5d80000)
  object space 87552K, 0% used [0x0000000081800000,0x00000000818a9cc0,0x0000000086d80000)
 Metaspace       used 17935K, capacity 18458K, committed 18560K, reserved 1064960K
  class space    used 2279K, capacity 2417K, committed 2432K, reserved 1048576K
Event: 2.808 GC heap after
Heap after GC invocations=3 (full 0):
 PSYoungGen      total 38400K, used 5103K [0x00000000d5d80000, 0x00000000da880000, 0x0000000100000000)
  eden space 33280K, 0% used [0x00000000d5d80000,0x00000000d5d80000,0x00000000d7e00000)
  from space 5120K, 99% used [0x00000000d7e00000,0x00000000d82fbe60,0x00000000d8300000)
  to   space 5120K, 0% used [0x00000000da380000,0x00000000da380000,0x00000000da880000)
 ParOldGen       total 87552K, used 4016K [0x0000000081800000, 0x0000000086d80000, 0x00000000d5d80000)
  object space 87552K, 4% used [0x0000000081800000,0x0000000081bec328,0x0000000086d80000)
 Metaspace       used 17935K, capacity 18458K, committed 18560K, reserved 1064960K
  class space    used 2279K, capacity 2417K, committed 2432K, reserved 1048576K
}
Event: 4.929 GC heap before
{Heap before GC invocations=4 (full 0):
 PSYoungGen      total 38400K, used 25692K [0x00000000d5d80000, 0x00000000da880000, 0x0000000100000000)
  eden space 33280K, 61% used [0x00000000d5d80000,0x00000000d719b300,0x00000000d7e00000)
  from space 5120K, 99% used [0x00000000d7e00000,0x00000000d82fbe60,0x00000000d8300000)
  to   space 5120K, 0% used [0x00000000da380000,0x00000000da380000,0x00000000da880000)
 ParOldGen       total 87552K, used 4016K [0x0000000081800000, 0x0000000086d80000, 0x00000000d5d80000)
  object space 87552K, 4% used [0x0000000081800000,0x0000000081bec328,0x0000000086d80000)
 Metaspace       used 20570K, capacity 21262K, committed 21296K, reserved 1067008K
  class space    used 2667K, capacity 2833K, committed 2864K, reserved 1048576K
Event: 4.939 GC heap after
Heap after GC invocations=4 (full 0):
 PSYoungGen      total 71680K, used 5096K [0x00000000d5d80000, 0x00000000da880000, 0x0000000100000000)
  eden space 66560K, 0% used [0x00000000d5d80000,0x00000000d5d80000,0x00000000d9e80000)
  from space 5120K, 99% used [0x00000000da380000,0x00000000da87a020,0x00000000da880000)
  to   space 5120K, 0% used [0x00000000d9e80000,0x00000000d9e80000,0x00000000da380000)
 ParOldGen       total 87552K, used 5432K [0x0000000081800000, 0x0000000086d80000, 0x00000000d5d80000)
  object space 87552K, 6% used [0x0000000081800000,0x0000000081d4e350,0x0000000086d80000)
 Metaspace       used 20570K, capacity 21262K, committed 21296K, reserved 1067008K
  class space    used 2667K, capacity 2833K, committed 2864K, reserved 1048576K
}
Event: 4.939 GC heap before
{Heap before GC invocations=5 (full 1):
 PSYoungGen      total 71680K, used 5096K [0x00000000d5d80000, 0x00000000da880000, 0x0000000100000000)
  eden space 66560K, 0% used [0x00000000d5d80000,0x00000000d5d80000,0x00000000d9e80000)
  from space 5120K, 99% used [0x00000000da380000,0x00000000da87a020,0x00000000da880000)
  to   space 5120K, 0% used [0x00000000d9e80000,0x00000000d9e80000,0x00000000da380000)
 ParOldGen       total 87552K, used 5432K [0x0000000081800000, 0x0000000086d80000, 0x00000000d5d80000)
  object space 87552K, 6% used [0x0000000081800000,0x0000000081d4e350,0x0000000086d80000)
 Metaspace       used 20570K, capacity 21262K, committed 21296K, reserved 1067008K
  class space    used 2667K, capacity 2833K, committed 2864K, reserved 1048576K
Event: 4.987 GC heap after
Heap after GC invocations=5 (full 1):
 PSYoungGen      total 71680K, used 0K [0x00000000d5d80000, 0x00000000da880000, 0x0000000100000000)
  eden space 66560K, 0% used [0x00000000d5d80000,0x00000000d5d80000,0x00000000d9e80000)
  from space 5120K, 0% used [0x00000000da380000,0x00000000da380000,0x00000000da880000)
  to   space 5120K, 0% used [0x00000000d9e80000,0x00000000d9e80000,0x00000000da380000)
 ParOldGen       total 59392K, used 6413K [0x0000000081800000, 0x0000000085200000, 0x00000000d5d80000)
  object space 59392K, 10% used [0x0000000081800000,0x0000000081e43790,0x0000000085200000)
 Metaspace       used 20568K, capacity 21256K, committed 21296K, reserved 1067008K
  class space    used 2667K, capacity 2832K, committed 2864K, reserved 1048576K
}
Event: 8.637 GC heap before
{Heap before GC invocations=6 (full 1):
 PSYoungGen      total 71680K, used 66560K [0x00000000d5d80000, 0x00000000da880000, 0x0000000100000000)
  eden space 66560K, 100% used [0x00000000d5d80000,0x00000000d9e80000,0x00000000d9e80000)
  from space 5120K, 0% used [0x00000000da380000,0x00000000da380000,0x00000000da880000)
  to   space 5120K, 0% used [0x00000000d9e80000,0x00000000d9e80000,0x00000000da380000)
 ParOldGen       total 59392K, used 6413K [0x0000000081800000, 0x0000000085200000, 0x00000000d5d80000)
  object space 59392K, 10% used [0x0000000081800000,0x0000000081e43790,0x0000000085200000)
 Metaspace       used 25274K, capacity 26174K, committed 26416K, reserved 1073152K
  class space    used 3312K, capacity 3529K, committed 3632K, reserved 1048576K
Event: 8.645 GC heap after
Heap after GC invocations=6 (full 1):
 PSYoungGen      total 71680K, used 5116K [0x00000000d5d80000, 0x00000000dcc00000, 0x0000000100000000)
  eden space 66560K, 0% used [0x00000000d5d80000,0x00000000d5d80000,0x00000000d9e80000)
  from space 5120K, 99% used [0x00000000d9e80000,0x00000000da37f018,0x00000000da380000)
  to   space 8192K, 0% used [0x00000000dc400000,0x00000000dc400000,0x00000000dcc00000)
 ParOldGen       total 59392K, used 6933K [0x0000000081800000, 0x0000000085200000, 0x00000000d5d80000)
  object space 59392K, 11% used [0x0000000081800000,0x0000000081ec5438,0x0000000085200000)
 Metaspace       used 25274K, capacity 26174K, committed 26416K, reserved 1073152K
  class space    used 3312K, capacity 3529K, committed 3632K, reserved 1048576K
}

