# JRE version: Java(TM) SE Runtime Environment (8.0_221-b11) (build 1.8.0_221-b11)
# Java VM: Java HotSpot(TM) 64-Bit Server VM (25.221-b11 mixed mode windows-amd64 compressed oops)
Heap:
 PSYoungGen      total 116736K, used 39324K [0x00000000d5d80000, 0x00000000ddf80000, 0x0000000100000000)
  eden space 106496K, 32% used [0x00000000d5d80000,0x00000000d7f44138,0x00000000dc580000)
  from space 10240K, 46% used [0x00000000dd000000,0x00000000dd4a31d0,0x00000000dda00000)
  to   space 10752K, 0% used [0x00000000dc580000,0x00000000dc580000,0x00000000dd000000)
 ParOldGen       total 84480K, used 30230K [0x0000000081800000, 0x0000000086a80000, 0x00000000d5d80000)
  object space 84480K, 35% used [0x0000000081800000,0x0000000083585858,0x0000000086a80000)
 Metaspace       used 46563K, capacity 48720K, committed 48944K, reserved 1091584K
  class space    used 6190K, capacity 6592K, committed 6704K, reserved 1048576K
GC Heap History (10 events):
Event: 12.912 GC heap before
{Heap before GC invocations=12 (full 2):
 PSYoungGen      total 116736K, used 8257K [0x00000000d5d80000, 0x00000000ddf80000, 0x0000000100000000)
  eden space 106496K, 0% used [0x00000000d5d80000,0x00000000d5d80000,0x00000000dc580000)
  from space 10240K, 80% used [0x00000000dd000000,0x00000000dd8105d0,0x00000000dda00000)
  to   space 10752K, 0% used [0x00000000dc580000,0x00000000dc580000,0x00000000dd000000)
 ParOldGen       total 57344K, used 10840K [0x0000000081800000, 0x0000000085000000, 0x00000000d5d80000)
  object space 57344K, 18% used [0x0000000081800000,0x0000000082296008,0x0000000085000000)
 Metaspace       used 34048K, capacity 35390K, committed 35496K, reserved 1081344K
  class space    used 4404K, capacity 4655K, committed 4656K, reserved 1048576K
Event: 13.005 GC heap after
Heap after GC invocations=12 (full 2):
 PSYoungGen      total 116736K, used 0K [0x00000000d5d80000, 0x00000000ddf80000, 0x0000000100000000)
  eden space 106496K, 0% used [0x00000000d5d80000,0x00000000d5d80000,0x00000000dc580000)
  from space 10240K, 0% used [0x00000000dd000000,0x00000000dd000000,0x00000000dda00000)
  to   space 10752K, 0% used [0x00000000dc580000,0x00000000dc580000,0x00000000dd000000)
 ParOldGen       total 84480K, used 16440K [0x0000000081800000, 0x0000000086a80000, 0x00000000d5d80000)
  object space 84480K, 19% used [0x0000000081800000,0x000000008280e308,0x0000000086a80000)
 Metaspace       used 34048K, capacity 35390K, committed 35496K, reserved 1081344K
  class space    used 4404K, capacity 4655K, committed 4656K, reserved 1048576K
}
Event: 18.336 GC heap before
{Heap before GC invocations=13 (full 2):
 PSYoungGen      total 116736K, used 106496K [0x00000000d5d80000, 0x00000000ddf80000, 0x0000000100000000)
  eden space 106496K, 100% used [0x00000000d5d80000,0x00000000dc580000,0x00000000dc580000)
  from space 10240K, 0% used [0x00000000dd000000,0x00000000dd000000,0x00000000dda00000)
  to   space 10752K, 0% used [0x00000000dc580000,0x00000000dc580000,0x00000000dd000000)
 ParOldGen       total 84480K, used 16440K [0x0000000081800000, 0x0000000086a80000, 0x00000000d5d80000)
  object space 84480K, 19% used [0x0000000081800000,0x000000008280e308,0x0000000086a80000)
 Metaspace       used 38829K, capacity 40490K, committed 40752K, reserved 1085440K
  class space    used 5051K, capacity 5383K, committed 5424K, reserved 1048576K
Event: 18.352 GC heap after
Heap after GC invocations=13 (full 2):
 PSYoungGen      total 117248K, used 10042K [0x00000000d5d80000, 0x00000000ddf80000, 0x0000000100000000)
  eden space 106496K, 0% used [0x00000000d5d80000,0x00000000d5d80000,0x00000000dc580000)
  from space 10752K, 93% used [0x00000000dc580000,0x00000000dcf4e9d8,0x00000000dd000000)
  to   space 10240K, 0% used [0x00000000dd000000,0x00000000dd000000,0x00000000dda00000)
 ParOldGen       total 84480K, used 16448K [0x0000000081800000, 0x0000000086a80000, 0x00000000d5d80000)
  object space 84480K, 19% used [0x0000000081800000,0x0000000082810308,0x0000000086a80000)
 Metaspace       used 38829K, capacity 40490K, committed 40752K, reserved 1085440K
  class space    used 5051K, capacity 5383K, committed 5424K, reserved 1048576K
}
Event: 25.208 GC heap before
{Heap before GC invocations=14 (full 2):
 PSYoungGen      total 117248K, used 116538K [0x00000000d5d80000, 0x00000000ddf80000, 0x0000000100000000)
  eden space 106496K, 100% used [0x00000000d5d80000,0x00000000dc580000,0x00000000dc580000)
  from space 10752K, 93% used [0x00000000dc580000,0x00000000dcf4e9d8,0x00000000dd000000)
  to   space 10240K, 0% used [0x00000000dd000000,0x00000000dd000000,0x00000000dda00000)
 ParOldGen       total 84480K, used 16448K [0x0000000081800000, 0x0000000086a80000, 0x00000000d5d80000)
  object space 84480K, 19% used [0x0000000081800000,0x0000000082810308,0x0000000086a80000)
 Metaspace       used 40385K, capacity 42116K, committed 42288K, reserved 1085440K
  class space    used 5256K, capacity 5580K, committed 5680K, reserved 1048576K
Event: 25.227 GC heap after
Heap after GC invocations=14 (full 2):
 PSYoungGen      total 116736K, used 4085K [0x00000000d5d80000, 0x00000000ddf80000, 0x0000000100000000)
  eden space 106496K, 0% used [0x00000000d5d80000,0x00000000d5d80000,0x00000000dc580000)
  from space 10240K, 39% used [0x00000000dd000000,0x00000000dd3fd540,0x00000000dda00000)
  to   space 10752K, 0% used [0x00000000dc580000,0x00000000dc580000,0x00000000dd000000)
 ParOldGen       total 84480K, used 23317K [0x0000000081800000, 0x0000000086a80000, 0x00000000d5d80000)
  object space 84480K, 27% used [0x0000000081800000,0x0000000082ec57f8,0x0000000086a80000)
 Metaspace       used 40385K, capacity 42116K, committed 42288K, reserved 1085440K
  class space    used 5256K, capacity 5580K, committed 5680K, reserved 1048576K
}
Event: 27.747 GC heap before
{Heap before GC invocations=15 (full 2):
 PSYoungGen      total 116736K, used 110581K [0x00000000d5d80000, 0x00000000ddf80000, 0x0000000100000000)
  eden space 106496K, 100% used [0x00000000d5d80000,0x00000000dc580000,0x00000000dc580000)
  from space 10240K, 39% used [0x00000000dd000000,0x00000000dd3fd540,0x00000000dda00000)
  to   space 10752K, 0% used [0x00000000dc580000,0x00000000dc580000,0x00000000dd000000)
 ParOldGen       total 84480K, used 23317K [0x0000000081800000, 0x0000000086a80000, 0x00000000d5d80000)
  object space 84480K, 27% used [0x0000000081800000,0x0000000082ec57f8,0x0000000086a80000)
 Metaspace       used 42944K, capacity 44834K, committed 44976K, reserved 1087488K
  class space    used 5709K, capacity 6049K, committed 6064K, reserved 1048576K
Event: 27.770 GC heap after
Heap after GC invocations=15 (full 2):
 PSYoungGen      total 117248K, used 5740K [0x00000000d5d80000, 0x00000000ddf80000, 0x0000000100000000)
  eden space 106496K, 0% used [0x00000000d5d80000,0x00000000d5d80000,0x00000000dc580000)
  from space 10752K, 53% used [0x00000000dc580000,0x00000000dcb1b190,0x00000000dd000000)
  to   space 10240K, 0% used [0x00000000dd000000,0x00000000dd000000,0x00000000dda00000)
 ParOldGen       total 84480K, used 26702K [0x0000000081800000, 0x0000000086a80000, 0x00000000d5d80000)
  object space 84480K, 31% used [0x0000000081800000,0x0000000083213808,0x0000000086a80000)
 Metaspace       used 42944K, capacity 44834K, committed 44976K, reserved 1087488K
  class space    used 5709K, capacity 6049K, committed 6064K, reserved 1048576K
}
Event: 29.122 GC heap before
{Heap before GC invocations=16 (full 2):
 PSYoungGen      total 117248K, used 112236K [0x00000000d5d80000, 0x00000000ddf80000, 0x0000000100000000)
  eden space 106496K, 100% used [0x00000000d5d80000,0x00000000dc580000,0x00000000dc580000)
  from space 10752K, 53% used [0x00000000dc580000,0x00000000dcb1b190,0x00000000dd000000)
  to   space 10240K, 0% used [0x00000000dd000000,0x00000000dd000000,0x00000000dda00000)
 ParOldGen       total 84480K, used 26702K [0x0000000081800000, 0x0000000086a80000, 0x00000000d5d80000)
  object space 84480K, 31% used [0x0000000081800000,0x0000000083213808,0x0000000086a80000)
 Metaspace       used 44859K, capacity 47002K, committed 47152K, reserved 1089536K
  class space    used 5985K, capacity 6365K, committed 6448K, reserved 1048576K
Event: 29.140 GC heap after
Heap after GC invocations=16 (full 2):
 PSYoungGen      total 116736K, used 4748K [0x00000000d5d80000, 0x00000000ddf80000, 0x0000000100000000)
  eden space 106496K, 0% used [0x00000000d5d80000,0x00000000d5d80000,0x00000000dc580000)
  from space 10240K, 46% used [0x00000000dd000000,0x00000000dd4a31d0,0x00000000dda00000)
  to   space 10752K, 0% used [0x00000000dc580000,0x00000000dc580000,0x00000000dd000000)
 ParOldGen       total 84480K, used 30230K [0x0000000081800000, 0x0000000086a80000, 0x00000000d5d80000)
  object space 84480K, 35% used [0x0000000081800000,0x0000000083585858,0x0000000086a80000)
 Metaspace       used 44859K, capacity 47002K, committed 47152K, reserved 1089536K
  class space    used 5985K, capacity 6365K, committed 6448K, reserved 1048576K
}

