# JRE version: Java(TM) SE Runtime Environment (8.0_221-b11) (build 1.8.0_221-b11)
# Java VM: Java HotSpot(TM) 64-Bit Server VM (25.221-b11 mixed mode windows-amd64 compressed oops)
Heap:
 PSYoungGen      total 138752K, used 136274K [0x00000000d5d80000, 0x00000000e2e80000, 0x0000000100000000)
  eden space 130048K, 98% used [0x00000000d5d80000,0x00000000dda1a840,0x00000000ddc80000)
  from space 8704K, 99% used [0x00000000ddc80000,0x00000000de4fa2d8,0x00000000de500000)
  to   space 13312K, 0% used [0x00000000e2180000,0x00000000e2180000,0x00000000e2e80000)
 ParOldGen       total 65536K, used 19013K [0x0000000081800000, 0x0000000085800000, 0x00000000d5d80000)
  object space 65536K, 29% used [0x0000000081800000,0x0000000082a917e0,0x0000000085800000)
 Metaspace       used 41168K, capacity 43024K, committed 43176K, reserved 1087488K
  class space    used 5386K, capacity 5724K, committed 5800K, reserved 1048576K
GC Heap History (10 events):
Event: 8.211 GC heap before
{Heap before GC invocations=7 (full 1):
 PSYoungGen      total 71680K, used 66560K [0x00000000d5d80000, 0x00000000df080000, 0x0000000100000000)
  eden space 66560K, 100% used [0x00000000d5d80000,0x00000000d9e80000,0x00000000d9e80000)
  from space 5120K, 0% used [0x00000000d9e80000,0x00000000d9e80000,0x00000000da380000)
  to   space 8704K, 0% used [0x00000000de800000,0x00000000de800000,0x00000000df080000)
 ParOldGen       total 44544K, used 5376K [0x0000000081800000, 0x0000000084380000, 0x00000000d5d80000)
  object space 44544K, 12% used [0x0000000081800000,0x0000000081d402c0,0x0000000084380000)
 Metaspace       used 25204K, capacity 26114K, committed 26416K, reserved 1073152K
  class space    used 3307K, capacity 3527K, committed 3632K, reserved 1048576K
Event: 8.216 GC heap after
Heap after GC invocations=7 (full 1):
 PSYoungGen      total 133120K, used 5230K [0x00000000d5d80000, 0x00000000ded80000, 0x0000000100000000)
  eden space 127488K, 0% used [0x00000000d5d80000,0x00000000d5d80000,0x00000000dda00000)
  from space 5632K, 92% used [0x00000000de800000,0x00000000ded1bbb8,0x00000000ded80000)
  to   space 8704K, 0% used [0x00000000ddc80000,0x00000000ddc80000,0x00000000de500000)
 ParOldGen       total 44544K, used 5384K [0x0000000081800000, 0x0000000084380000, 0x00000000d5d80000)
  object space 44544K, 12% used [0x0000000081800000,0x0000000081d422c0,0x0000000084380000)
 Metaspace       used 25204K, capacity 26114K, committed 26416K, reserved 1073152K
  class space    used 3307K, capacity 3527K, committed 3632K, reserved 1048576K
}
Event: 9.783 GC heap before
{Heap before GC invocations=8 (full 1):
 PSYoungGen      total 133120K, used 132718K [0x00000000d5d80000, 0x00000000ded80000, 0x0000000100000000)
  eden space 127488K, 100% used [0x00000000d5d80000,0x00000000dda00000,0x00000000dda00000)
  from space 5632K, 92% used [0x00000000de800000,0x00000000ded1bbb8,0x00000000ded80000)
  to   space 8704K, 0% used [0x00000000ddc80000,0x00000000ddc80000,0x00000000de500000)
 ParOldGen       total 44544K, used 5384K [0x0000000081800000, 0x0000000084380000, 0x00000000d5d80000)
  object space 44544K, 12% used [0x0000000081800000,0x0000000081d422c0,0x0000000084380000)
 Metaspace       used 29115K, capacity 30144K, committed 30256K, reserved 1075200K
  class space    used 3833K, capacity 4078K, committed 4144K, reserved 1048576K
Event: 9.798 GC heap after
Heap after GC invocations=8 (full 1):
 PSYoungGen      total 136192K, used 8690K [0x00000000d5d80000, 0x00000000ded80000, 0x0000000100000000)
  eden space 127488K, 0% used [0x00000000d5d80000,0x00000000d5d80000,0x00000000dda00000)
  from space 8704K, 99% used [0x00000000ddc80000,0x00000000de4fcb48,0x00000000de500000)
  to   space 5632K, 0% used [0x00000000de800000,0x00000000de800000,0x00000000ded80000)
 ParOldGen       total 44544K, used 7834K [0x0000000081800000, 0x0000000084380000, 0x00000000d5d80000)
  object space 44544K, 17% used [0x0000000081800000,0x0000000081fa69e0,0x0000000084380000)
 Metaspace       used 29115K, capacity 30144K, committed 30256K, reserved 1075200K
  class space    used 3833K, capacity 4078K, committed 4144K, reserved 1048576K
}
Event: 11.545 GC heap before
{Heap before GC invocations=9 (full 1):
 PSYoungGen      total 136192K, used 109481K [0x00000000d5d80000, 0x00000000ded80000, 0x0000000100000000)
  eden space 127488K, 79% used [0x00000000d5d80000,0x00000000dbfedc30,0x00000000dda00000)
  from space 8704K, 99% used [0x00000000ddc80000,0x00000000de4fcb48,0x00000000de500000)
  to   space 5632K, 0% used [0x00000000de800000,0x00000000de800000,0x00000000ded80000)
 ParOldGen       total 44544K, used 7834K [0x0000000081800000, 0x0000000084380000, 0x00000000d5d80000)
  object space 44544K, 17% used [0x0000000081800000,0x0000000081fa69e0,0x0000000084380000)
 Metaspace       used 34033K, capacity 35350K, committed 35496K, reserved 1079296K
  class space    used 4413K, capacity 4687K, committed 4776K, reserved 1048576K
Event: 11.574 GC heap after
Heap after GC invocations=9 (full 1):
 PSYoungGen      total 133120K, used 5600K [0x00000000d5d80000, 0x00000000ded80000, 0x0000000100000000)
  eden space 127488K, 0% used [0x00000000d5d80000,0x00000000d5d80000,0x00000000dda00000)
  from space 5632K, 99% used [0x00000000de800000,0x00000000ded78020,0x00000000ded80000)
  to   space 8704K, 0% used [0x00000000ddc80000,0x00000000ddc80000,0x00000000de500000)
 ParOldGen       total 44544K, used 14468K [0x0000000081800000, 0x0000000084380000, 0x00000000d5d80000)
  object space 44544K, 32% used [0x0000000081800000,0x0000000082621258,0x0000000084380000)
 Metaspace       used 34033K, capacity 35350K, committed 35496K, reserved 1079296K
  class space    used 4413K, capacity 4687K, committed 4776K, reserved 1048576K
}
Event: 11.574 GC heap before
{Heap before GC invocations=10 (full 2):
 PSYoungGen      total 133120K, used 5600K [0x00000000d5d80000, 0x00000000ded80000, 0x0000000100000000)
  eden space 127488K, 0% used [0x00000000d5d80000,0x00000000d5d80000,0x00000000dda00000)
  from space 5632K, 99% used [0x00000000de800000,0x00000000ded78020,0x00000000ded80000)
  to   space 8704K, 0% used [0x00000000ddc80000,0x00000000ddc80000,0x00000000de500000)
 ParOldGen       total 44544K, used 14468K [0x0000000081800000, 0x0000000084380000, 0x00000000d5d80000)
  object space 44544K, 32% used [0x0000000081800000,0x0000000082621258,0x0000000084380000)
 Metaspace       used 34033K, capacity 35350K, committed 35496K, reserved 1079296K
  class space    used 4413K, capacity 4687K, committed 4776K, reserved 1048576K
Event: 11.708 GC heap after
Heap after GC invocations=10 (full 2):
 PSYoungGen      total 133120K, used 0K [0x00000000d5d80000, 0x00000000ded80000, 0x0000000100000000)
  eden space 127488K, 0% used [0x00000000d5d80000,0x00000000d5d80000,0x00000000dda00000)
  from space 5632K, 0% used [0x00000000de800000,0x00000000de800000,0x00000000ded80000)
  to   space 8704K, 0% used [0x00000000ddc80000,0x00000000ddc80000,0x00000000de500000)
 ParOldGen       total 65536K, used 16915K [0x0000000081800000, 0x0000000085800000, 0x00000000d5d80000)
  object space 65536K, 25% used [0x0000000081800000,0x0000000082884e20,0x0000000085800000)
 Metaspace       used 34033K, capacity 35350K, committed 35496K, reserved 1079296K
  class space    used 4413K, capacity 4687K, committed 4776K, reserved 1048576K
}
Event: 20.877 GC heap before
{Heap before GC invocations=11 (full 2):
 PSYoungGen      total 133120K, used 127488K [0x00000000d5d80000, 0x00000000ded80000, 0x0000000100000000)
  eden space 127488K, 100% used [0x00000000d5d80000,0x00000000dda00000,0x00000000dda00000)
  from space 5632K, 0% used [0x00000000de800000,0x00000000de800000,0x00000000ded80000)
  to   space 8704K, 0% used [0x00000000ddc80000,0x00000000ddc80000,0x00000000de500000)
 ParOldGen       total 65536K, used 16915K [0x0000000081800000, 0x0000000085800000, 0x00000000d5d80000)
  object space 65536K, 25% used [0x0000000081800000,0x0000000082884e20,0x0000000085800000)
 Metaspace       used 39062K, capacity 40776K, committed 41000K, reserved 1085440K
  class space    used 5076K, capacity 5416K, committed 5416K, reserved 1048576K
Event: 20.887 GC heap after
Heap after GC invocations=11 (full 2):
 PSYoungGen      total 138752K, used 8680K [0x00000000d5d80000, 0x00000000e2e80000, 0x0000000100000000)
  eden space 130048K, 0% used [0x00000000d5d80000,0x00000000d5d80000,0x00000000ddc80000)
  from space 8704K, 99% used [0x00000000ddc80000,0x00000000de4fa2d8,0x00000000de500000)
  to   space 13312K, 0% used [0x00000000e2180000,0x00000000e2180000,0x00000000e2e80000)
 ParOldGen       total 65536K, used 19013K [0x0000000081800000, 0x0000000085800000, 0x00000000d5d80000)
  object space 65536K, 29% used [0x0000000081800000,0x0000000082a917e0,0x0000000085800000)
 Metaspace       used 39062K, capacity 40776K, committed 41000K, reserved 1085440K
  class space    used 5076K, capacity 5416K, committed 5416K, reserved 1048576K
}

